<?xml version="1.0" encoding="UTF-8"?>
<testsuites name="vitest tests" tests="1" failures="0" time="1.000">
  <testsuite name="manual-properties-test" timestamp="2024-02-26T12:00:00" hostname="localhost"
    tests="1" failures="0" errors="0" time="1.000" skipped="0">

    <!-- Instance Level Artifact -->
    <property name="currents.artifact.instance.path" value="./artifacts/manual/coverage.json" />
    <property name="currents.artifact.instance.type" value="coverage" />
    <property name="currents.artifact.instance.contentType" value="application/json" />
    <property name="currents.artifact.instance.name" value="Test Coverage" />

    <property name="currents.artifact.instance.path" value="./artifacts/manual/coverage.json" />
    <property name="currents.artifact.instance.type" value="coverage" />
    <property name="currents.artifact.instance.contentType" value="application/json" />
    <property name="currents.artifact.instance.name" value="Test Coverage 1" />

    <testcase classname="manual-properties-test" name="test with property artifacts" time="1.000">
      <properties>
[...]
</properties>
    </testcase>
  </testsuite>
</testsuites>