<?xml version="1.0" encoding="UTF-8" ?>
<testsuites name="vitest tests" tests="1" failures="0" time="1.000">
  <testsuite name="manual-properties-test" timestamp="2024-02-26T12:00:00" hostname="localhost" tests="1" failures="0" errors="0" time="1.000" skipped="0">
    <testcase classname="manual-properties-test" name="test with property artifacts" time="1.000">
      <properties>
        <!-- Test Level Artifact -->
        <property name="currents.artifact.test.0.path" value="./artifacts/manual/test-config.json"/>
        <property name="currents.artifact.test.0.type" value="attachment"/>
        <property name="currents.artifact.test.0.contentType" value="application/json"/>
        <property name="currents.artifact.test.0.name" value="Test Configuration"/>
        
        <!-- Attempt Level Artifact (Attempt 0) -->
        <property name="currents.artifact.attempt.0.0.path" value="./artifacts/manual/attempt-0.txt"/>
        <property name="currents.artifact.attempt.0.0.type" value="attachment"/>
        <property name="currents.artifact.attempt.0.0.contentType" value="text/plain"/>
        
        <!-- Attempt Level Artifact (Attempt 1 - simulating retry) -->
        <property name="currents.artifact.attempt.1.0.path" value="./artifacts/manual/attempt-1.txt"/>
        <property name="currents.artifact.attempt.1.0.type" value="attachment"/>
        <property name="currents.artifact.attempt.1.0.contentType" value="text/plain"/>
      </properties>
    </testcase>
  </testsuite>
</testsuites>
